<?xml version="1.0" encoding="UTF-8"?>
<testng-results ignored="0" total="2" passed="2" failed="0" skipped="0">
  <reporter-output>
  </reporter-output>
  <suite started-at="2023-10-02T00:06:47 IDT" name="opencartSuite" finished-at="2023-10-02T00:09:46 IDT" duration-ms="179756">
    <groups>
      <group name="Master">
        <method signature="AccountRegistrationTest.test_account_Registeration()[pri:0, instance:tsetCases.AccountRegistrationTest@434a63ab]" name="test_account_Registeration" class="tsetCases.AccountRegistrationTest"/>
        <method signature="LoinTest.test_login()[pri:0, instance:tsetCases.LoinTest@f0da945]" name="test_login" class="tsetCases.LoinTest"/>
      </group> <!-- Master -->
      <group name="Sanity">
        <method signature="LoinTest.test_login()[pri:0, instance:tsetCases.LoinTest@f0da945]" name="test_login" class="tsetCases.LoinTest"/>
      </group> <!-- Sanity -->
      <group name="Regression">
        <method signature="AccountRegistrationTest.test_account_Registeration()[pri:0, instance:tsetCases.AccountRegistrationTest@434a63ab]" name="test_account_Registeration" class="tsetCases.AccountRegistrationTest"/>
      </group> <!-- Regression -->
    </groups>
    <test started-at="2023-10-02T00:06:47 IDT" name="opencartTest" finished-at="2023-10-02T00:09:46 IDT" duration-ms="179756">
      <class name="tsetCases.LoinTest">
        <test-method is-config="true" signature="setup(java.lang.String)[pri:0, instance:tsetCases.LoinTest@f0da945]" started-at="2023-10-02T00:09:17 IDT" name="setup" finished-at="2023-10-02T00:09:41 IDT" duration-ms="23487" status="PASS">
          <params>
            <param index="0">
              <value>
                <![CDATA[chrome]]>
              </value>
            </param>
          </params>
          <reporter-output>
          </reporter-output>
        </test-method> <!-- setup -->
        <test-method signature="test_login()[pri:0, instance:tsetCases.LoinTest@f0da945]" started-at="2023-10-02T00:09:41 IDT" name="test_login" finished-at="2023-10-02T00:09:46 IDT" duration-ms="5495" status="PASS">
          <reporter-output>
          </reporter-output>
        </test-method> <!-- test_login -->
        <test-method is-config="true" signature="tearDown()[pri:0, instance:tsetCases.LoinTest@f0da945]" started-at="2023-10-02T00:09:46 IDT" name="tearDown" finished-at="2023-10-02T00:09:46 IDT" duration-ms="0" status="PASS">
          <reporter-output>
          </reporter-output>
        </test-method> <!-- tearDown -->
      </class> <!-- tsetCases.LoinTest -->
      <class name="tsetCases.AccountRegistrationTest">
        <test-method is-config="true" signature="setup(java.lang.String)[pri:0, instance:tsetCases.AccountRegistrationTest@434a63ab]" started-at="2023-10-02T00:06:52 IDT" name="setup" finished-at="2023-10-02T00:08:54 IDT" duration-ms="122213" status="PASS">
          <params>
            <param index="0">
              <value>
                <![CDATA[chrome]]>
              </value>
            </param>
          </params>
          <reporter-output>
          </reporter-output>
        </test-method> <!-- setup -->
        <test-method signature="test_account_Registeration()[pri:0, instance:tsetCases.AccountRegistrationTest@434a63ab]" started-at="2023-10-02T00:08:54 IDT" name="test_account_Registeration" finished-at="2023-10-02T00:09:17 IDT" duration-ms="22802" status="PASS">
          <reporter-output>
          </reporter-output>
        </test-method> <!-- test_account_Registeration -->
        <test-method is-config="true" signature="tearDown()[pri:0, instance:tsetCases.AccountRegistrationTest@434a63ab]" started-at="2023-10-02T00:09:17 IDT" name="tearDown" finished-at="2023-10-02T00:09:17 IDT" duration-ms="1" status="PASS">
          <reporter-output>
          </reporter-output>
        </test-method> <!-- tearDown -->
      </class> <!-- tsetCases.AccountRegistrationTest -->
    </test> <!-- opencartTest -->
  </suite> <!-- opencartSuite -->
</testng-results>
