<?xml version="1.0" encoding="UTF-8"?>
<!-- Generated by org.testng.reporters.JUnitXMLReporter -->
<testsuite ignored="0" hostname="NatsenetDell" failures="1" tests="2" name="opencartTest" time="65.584" errors="0" timestamp="2023-09-28T19:08:05 IDT">
  <testcase classname="tsetCases.AccountRegistrationTest" name="test_account_Registeration" time="9.139"/>
  <testcase classname="tsetCases.LoinTest" name="test_login" time="21.389">
    <failure type="java.lang.AssertionError" message="expected [true] but found [false]">
      <![CDATA[java.lang.AssertionError: expected [true] but found [false]
at tsetCases.LoinTest.test_login(LoinTest.java:36)
at java.base/java.util.ArrayList.forEach(ArrayList.java:1511)
... Removed 33 stack frames]]>
    </failure>
  </testcase> <!-- test_login -->
</testsuite> <!-- opencartTest -->
